<?xml version="1.0" encoding="UTF-8"?>
<!-- Generated by org.testng.reporters.JUnitXMLReporter -->
<testsuite ignored="0" hostname="SHISHIR" failures="0" tests="4" name="Default test" time="105.202" errors="0" timestamp="2023-08-16T05:19:17 BDT">
  <testcase classname="com.qa.testcases.LoginTest" name="loginWithValidCredintials" time="4.57"/>
  <testcase classname="com.qa.testcases.LoginTest" name="loginWithInvalidCredintials" time="4.177"/>
  <testcase classname="com.qa.testcases.LoginTest" name="loginWithEmptyPasswordField" time="4.113"/>
  <testcase classname="com.qa.testcases.LoginTest" name="loginWithEmptyField" time="2.425"/>
</testsuite> <!-- Default test -->
