<?xml version="1.0" encoding="UTF-8"?>
<!-- Generated by org.testng.reporters.JUnitXMLReporter -->
<testsuite ignored="0" hostname="SHISHIR" failures="0" tests="4" name="Test" time="92.133" errors="0" timestamp="2023-08-16T04:30:12 BDT">
  <testcase classname="com.qa.testcases.LoginTest" name="loginWithValidCredintials" time="2.358"/>
  <testcase classname="com.qa.testcases.LoginTest" name="loginWithInvalidCredintials" time="3.703"/>
  <testcase classname="com.qa.testcases.LoginTest" name="loginWithEmptyPasswordField" time="3.891"/>
  <testcase classname="com.qa.testcases.LoginTest" name="loginWithEmptyField" time="2.344"/>
</testsuite> <!-- Test -->
