<?xml version="1.0" encoding="UTF-8"?>
<testng-results ignored="0" total="4" passed="4" failed="0" skipped="0">
  <reporter-output>
  </reporter-output>
  <suite started-at="2023-08-16T05:17:32 BDT" name="Default suite" finished-at="2023-08-16T05:19:17 BDT" duration-ms="105202">
    <groups>
    </groups>
    <test started-at="2023-08-16T05:17:32 BDT" name="Default test" finished-at="2023-08-16T05:19:17 BDT" duration-ms="105202">
      <class name="com.qa.testcases.LoginTest">
        <test-method is-config="true" signature="initialize()[pri:0, instance:com.qa.testcases.LoginTest@3b0090a4]" started-at="2023-08-16T05:17:32 BDT" name="initialize" finished-at="2023-08-16T05:17:55 BDT" duration-ms="23726" status="PASS">
          <reporter-output>
          </reporter-output>
        </test-method> <!-- initialize -->
        <test-method signature="loginWithValidCredintials()[pri:1, instance:com.qa.testcases.LoginTest@3b0090a4]" started-at="2023-08-16T05:17:55 BDT" name="loginWithValidCredintials" finished-at="2023-08-16T05:18:00 BDT" duration-ms="4570" status="PASS">
          <reporter-output>
          </reporter-output>
        </test-method> <!-- loginWithValidCredintials -->
        <test-method is-config="true" signature="tearDown()[pri:0, instance:com.qa.testcases.LoginTest@3b0090a4]" started-at="2023-08-16T05:18:00 BDT" name="tearDown" finished-at="2023-08-16T05:18:01 BDT" duration-ms="1018" status="PASS">
          <reporter-output>
          </reporter-output>
        </test-method> <!-- tearDown -->
        <test-method is-config="true" signature="initialize()[pri:0, instance:com.qa.testcases.LoginTest@3b0090a4]" started-at="2023-08-16T05:18:01 BDT" name="initialize" finished-at="2023-08-16T05:18:22 BDT" duration-ms="21025" status="PASS">
          <reporter-output>
          </reporter-output>
        </test-method> <!-- initialize -->
        <test-method signature="loginWithInvalidCredintials()[pri:2, instance:com.qa.testcases.LoginTest@3b0090a4]" started-at="2023-08-16T05:18:22 BDT" name="loginWithInvalidCredintials" finished-at="2023-08-16T05:18:26 BDT" duration-ms="4177" status="PASS">
          <reporter-output>
          </reporter-output>
        </test-method> <!-- loginWithInvalidCredintials -->
        <test-method is-config="true" signature="tearDown()[pri:0, instance:com.qa.testcases.LoginTest@3b0090a4]" started-at="2023-08-16T05:18:26 BDT" name="tearDown" finished-at="2023-08-16T05:18:27 BDT" duration-ms="878" status="PASS">
          <reporter-output>
          </reporter-output>
        </test-method> <!-- tearDown -->
        <test-method is-config="true" signature="initialize()[pri:0, instance:com.qa.testcases.LoginTest@3b0090a4]" started-at="2023-08-16T05:18:27 BDT" name="initialize" finished-at="2023-08-16T05:18:48 BDT" duration-ms="20867" status="PASS">
          <reporter-output>
          </reporter-output>
        </test-method> <!-- initialize -->
        <test-method signature="loginWithEmptyPasswordField()[pri:3, instance:com.qa.testcases.LoginTest@3b0090a4]" started-at="2023-08-16T05:18:48 BDT" name="loginWithEmptyPasswordField" finished-at="2023-08-16T05:18:52 BDT" duration-ms="4113" status="PASS">
          <reporter-output>
          </reporter-output>
        </test-method> <!-- loginWithEmptyPasswordField -->
        <test-method is-config="true" signature="tearDown()[pri:0, instance:com.qa.testcases.LoginTest@3b0090a4]" started-at="2023-08-16T05:18:52 BDT" name="tearDown" finished-at="2023-08-16T05:18:53 BDT" duration-ms="757" status="PASS">
          <reporter-output>
          </reporter-output>
        </test-method> <!-- tearDown -->
        <test-method is-config="true" signature="initialize()[pri:0, instance:com.qa.testcases.LoginTest@3b0090a4]" started-at="2023-08-16T05:18:53 BDT" name="initialize" finished-at="2023-08-16T05:19:13 BDT" duration-ms="20599" status="PASS">
          <reporter-output>
          </reporter-output>
        </test-method> <!-- initialize -->
        <test-method signature="loginWithEmptyField()[pri:4, instance:com.qa.testcases.LoginTest@3b0090a4]" started-at="2023-08-16T05:19:13 BDT" name="loginWithEmptyField" finished-at="2023-08-16T05:19:16 BDT" duration-ms="2425" status="PASS">
          <reporter-output>
          </reporter-output>
        </test-method> <!-- loginWithEmptyField -->
        <test-method is-config="true" signature="tearDown()[pri:0, instance:com.qa.testcases.LoginTest@3b0090a4]" started-at="2023-08-16T05:19:16 BDT" name="tearDown" finished-at="2023-08-16T05:19:17 BDT" duration-ms="984" status="PASS">
          <reporter-output>
          </reporter-output>
        </test-method> <!-- tearDown -->
      </class> <!-- com.qa.testcases.LoginTest -->
    </test> <!-- Default test -->
  </suite> <!-- Default suite -->
</testng-results>
